GROUP,PACKAGE,CLASS,INSTRUCTION_MISSED,INSTRUCTION_COVERED,BRANCH_MISSED,BRANCH_COVERED,LINE_MISSED,LINE_COVERED,COMPLEXITY_MISSED,COMPLEXITY_COVERED,METHOD_MISSED,METHOD_COVERED
Osgiliath integration tests CDI Validation,net.osgiliath.feature.itest.validation.cdi.impl,ValidatorFactorySample,21,0,2,0,5,0,4,0,3,0
Osgiliath integration tests CDI Validation,net.osgiliath.feature.itest.validation.cdi,HelloObject,83,0,14,0,2,0,14,0,7,0
Osgiliath integration tests CDI Validation,net.osgiliath.feature.itest.validation.cdi.conf,CDIValidator,5,0,0,0,2,0,2,0,2,0
